<?xml version="1.0" encoding="UTF-8"?>
<testsuite name="edu.freedom.utopia.CommonApplicationTest" tests="1" skipped="0" failures="0" errors="0" timestamp="2020-07-31T08:02:54" hostname="MacBook-Pro.local" time="0.156">
  <properties/>
  <testcase name="test" classname="edu.freedom.utopia.CommonApplicationTest" time="0.156"/>
  <system-out><![CDATA[16:02:51.820 [Test worker] DEBUG org.springframework.test.context.junit4.SpringJUnit4ClassRunner - SpringJUnit4ClassRunner constructor called with [class edu.freedom.utopia.CommonApplicationTest]
16:02:51.827 [Test worker] DEBUG org.springframework.test.context.BootstrapUtils - Instantiating CacheAwareContextLoaderDelegate from class [org.springframework.test.context.cache.DefaultCacheAwareContextLoaderDelegate]
16:02:51.839 [Test worker] DEBUG org.springframework.test.context.BootstrapUtils - Instantiating BootstrapContext using constructor [public org.springframework.test.context.support.DefaultBootstrapContext(java.lang.Class,org.springframework.test.context.CacheAwareContextLoaderDelegate)]
16:02:51.880 [Test worker] DEBUG org.springframework.test.context.BootstrapUtils - Instantiating TestContextBootstrapper for test class [edu.freedom.utopia.CommonApplicationTest] from class [org.springframework.boot.test.context.SpringBootTestContextBootstrapper]
16:02:51.902 [Test worker] INFO org.springframework.boot.test.context.SpringBootTestContextBootstrapper - Neither @ContextConfiguration nor @ContextHierarchy found for test class [edu.freedom.utopia.CommonApplicationTest], using SpringBootContextLoader
16:02:51.908 [Test worker] DEBUG org.springframework.test.context.support.AbstractContextLoader - Did not detect default resource location for test class [edu.freedom.utopia.CommonApplicationTest]: class path resource [edu/freedom/utopia/CommonApplicationTest-context.xml] does not exist
16:02:51.908 [Test worker] DEBUG org.springframework.test.context.support.AbstractContextLoader - Did not detect default resource location for test class [edu.freedom.utopia.CommonApplicationTest]: class path resource [edu/freedom/utopia/CommonApplicationTestContext.groovy] does not exist
16:02:51.908 [Test worker] INFO org.springframework.test.context.support.AbstractContextLoader - Could not detect default resource locations for test class [edu.freedom.utopia.CommonApplicationTest]: no resource found for suffixes {-context.xml, Context.groovy}.
16:02:51.909 [Test worker] INFO org.springframework.test.context.support.AnnotationConfigContextLoaderUtils - Could not detect default configuration classes for test class [edu.freedom.utopia.CommonApplicationTest]: CommonApplicationTest does not declare any static, non-private, non-final, nested classes annotated with @Configuration.
16:02:51.956 [Test worker] DEBUG org.springframework.test.context.support.ActiveProfilesUtils - Could not find an 'annotation declaring class' for annotation type [org.springframework.test.context.ActiveProfiles] and class [edu.freedom.utopia.CommonApplicationTest]
16:02:52.041 [Test worker] DEBUG org.springframework.context.annotation.ClassPathScanningCandidateComponentProvider - Identified candidate component class: file [/Users/duyan/IdeaProjects/duyan/Utopia/common/build/classes/java/main/edu/freedom/utopia/CommonApplication.class]
16:02:52.043 [Test worker] INFO org.springframework.boot.test.context.SpringBootTestContextBootstrapper - Found @SpringBootConfiguration edu.freedom.utopia.CommonApplication for test class edu.freedom.utopia.CommonApplicationTest
16:02:52.168 [Test worker] DEBUG org.springframework.boot.test.context.SpringBootTestContextBootstrapper - @TestExecutionListeners is not present for class [edu.freedom.utopia.CommonApplicationTest]: using defaults.
16:02:52.169 [Test worker] INFO org.springframework.boot.test.context.SpringBootTestContextBootstrapper - Loaded default TestExecutionListener class names from location [META-INF/spring.factories]: [org.springframework.boot.test.autoconfigure.restdocs.RestDocsTestExecutionListener, org.springframework.boot.test.autoconfigure.web.client.MockRestServiceServerResetTestExecutionListener, org.springframework.boot.test.autoconfigure.web.servlet.MockMvcPrintOnlyOnFailureTestExecutionListener, org.springframework.boot.test.autoconfigure.web.servlet.WebDriverTestExecutionListener, org.springframework.boot.test.mock.mockito.MockitoTestExecutionListener, org.springframework.boot.test.mock.mockito.ResetMocksTestExecutionListener, org.springframework.test.context.web.ServletTestExecutionListener, org.springframework.test.context.support.DirtiesContextBeforeModesTestExecutionListener, org.springframework.test.context.support.DependencyInjectionTestExecutionListener, org.springframework.test.context.support.DirtiesContextTestExecutionListener, org.springframework.test.context.transaction.TransactionalTestExecutionListener, org.springframework.test.context.jdbc.SqlScriptsTestExecutionListener, org.springframework.test.context.event.EventPublishingTestExecutionListener]
16:02:52.190 [Test worker] INFO org.springframework.boot.test.context.SpringBootTestContextBootstrapper - Using TestExecutionListeners: [org.springframework.test.context.web.ServletTestExecutionListener@17cbf3c6, org.springframework.test.context.support.DirtiesContextBeforeModesTestExecutionListener@5e1452fc, org.springframework.boot.test.mock.mockito.MockitoTestExecutionListener@3c2cbc4a, org.springframework.boot.test.autoconfigure.SpringBootDependencyInjectionTestExecutionListener@1a8b7d8f, org.springframework.test.context.support.DirtiesContextTestExecutionListener@5216f8db, org.springframework.test.context.transaction.TransactionalTestExecutionListener@2ee9c3d7, org.springframework.test.context.jdbc.SqlScriptsTestExecutionListener@777ee4ac, org.springframework.test.context.event.EventPublishingTestExecutionListener@36d888c9, org.springframework.boot.test.autoconfigure.restdocs.RestDocsTestExecutionListener@53ed6ee9, org.springframework.boot.test.autoconfigure.web.client.MockRestServiceServerResetTestExecutionListener@337ae838, org.springframework.boot.test.autoconfigure.web.servlet.MockMvcPrintOnlyOnFailureTestExecutionListener@33a1317f, org.springframework.boot.test.autoconfigure.web.servlet.WebDriverTestExecutionListener@414d7902, org.springframework.boot.test.mock.mockito.ResetMocksTestExecutionListener@79efdde4]
16:02:52.194 [Test worker] DEBUG org.springframework.test.annotation.ProfileValueUtils - Retrieved @ProfileValueSourceConfiguration [null] for test class [edu.freedom.utopia.CommonApplicationTest]
16:02:52.195 [Test worker] DEBUG org.springframework.test.annotation.ProfileValueUtils - Retrieved ProfileValueSource type [class org.springframework.test.annotation.SystemProfileValueSource] for class [edu.freedom.utopia.CommonApplicationTest]
16:02:52.198 [Test worker] DEBUG org.springframework.test.annotation.ProfileValueUtils - Retrieved @ProfileValueSourceConfiguration [null] for test class [edu.freedom.utopia.CommonApplicationTest]
16:02:52.198 [Test worker] DEBUG org.springframework.test.annotation.ProfileValueUtils - Retrieved ProfileValueSource type [class org.springframework.test.annotation.SystemProfileValueSource] for class [edu.freedom.utopia.CommonApplicationTest]
16:02:52.198 [Test worker] DEBUG org.springframework.test.annotation.ProfileValueUtils - Retrieved @ProfileValueSourceConfiguration [null] for test class [edu.freedom.utopia.CommonApplicationTest]
16:02:52.198 [Test worker] DEBUG org.springframework.test.annotation.ProfileValueUtils - Retrieved ProfileValueSource type [class org.springframework.test.annotation.SystemProfileValueSource] for class [edu.freedom.utopia.CommonApplicationTest]
16:02:52.201 [Test worker] DEBUG org.springframework.test.context.support.AbstractDirtiesContextTestExecutionListener - Before test class: context [DefaultTestContext@721a5037 testClass = CommonApplicationTest, testInstance = [null], testMethod = [null], testException = [null], mergedContextConfiguration = [WebMergedContextConfiguration@e0936ee testClass = CommonApplicationTest, locations = '{}', classes = '{class edu.freedom.utopia.CommonApplication}', contextInitializerClasses = '[]', activeProfiles = '{}', propertySourceLocations = '{}', propertySourceProperties = '{org.springframework.boot.test.context.SpringBootTestContextBootstrapper=true}', contextCustomizers = set[org.springframework.boot.test.autoconfigure.properties.PropertyMappingContextCustomizer@0, org.springframework.boot.test.autoconfigure.web.servlet.WebDriverContextCustomizerFactory$Customizer@34ebcfad, org.springframework.boot.test.context.filter.ExcludeFilterContextCustomizer@100eacc8, org.springframework.boot.test.json.DuplicateJsonObjectContextCustomizerFactory$DuplicateJsonObjectContextCustomizer@6550103a, org.springframework.boot.test.mock.mockito.MockitoContextCustomizer@0, org.springframework.boot.test.web.client.TestRestTemplateContextCustomizer@798617ac], resourceBasePath = 'src/main/webapp', contextLoader = 'org.springframework.boot.test.context.SpringBootContextLoader', parent = [null]], attributes = map['org.springframework.test.context.web.ServletTestExecutionListener.activateListener' -> true]], class annotated with @DirtiesContext [false] with mode [null].
16:02:52.203 [Test worker] DEBUG org.springframework.test.annotation.ProfileValueUtils - Retrieved @ProfileValueSourceConfiguration [null] for test class [edu.freedom.utopia.CommonApplicationTest]
16:02:52.203 [Test worker] DEBUG org.springframework.test.annotation.ProfileValueUtils - Retrieved ProfileValueSource type [class org.springframework.test.annotation.SystemProfileValueSource] for class [edu.freedom.utopia.CommonApplicationTest]
16:02:52.226 [Test worker] DEBUG org.springframework.test.context.support.TestPropertySourceUtils - Adding inlined properties to environment: {spring.jmx.enabled=false, org.springframework.boot.test.context.SpringBootTestContextBootstrapper=true, server.port=-1}
我爱写啥就写啥,你打我呀
2020-07-31 16:02:52.510  INFO 84113 --- [    Test worker] e.freedom.utopia.CommonApplicationTest   : Starting CommonApplicationTest on MacBook-Pro.local with PID 84113 (started by duyan in /Users/duyan/IdeaProjects/duyan/Utopia/common)
2020-07-31 16:02:52.512  INFO 84113 --- [    Test worker] e.freedom.utopia.CommonApplicationTest   : No active profile set, falling back to default profiles: default
2020-07-31 16:02:53.064  INFO 84113 --- [    Test worker] .s.d.r.c.RepositoryConfigurationDelegate : Multiple Spring Data modules found, entering strict repository configuration mode!
2020-07-31 16:02:53.067  INFO 84113 --- [    Test worker] .s.d.r.c.RepositoryConfigurationDelegate : Bootstrapping Spring Data repositories in DEFAULT mode.
2020-07-31 16:02:53.098  INFO 84113 --- [    Test worker] .s.d.r.c.RepositoryConfigurationDelegate : Finished Spring Data repository scanning in 12ms. Found 0 repository interfaces.
2020-07-31 16:02:53.422  INFO 84113 --- [    Test worker] trationDelegate$BeanPostProcessorChecker : Bean 'org.springframework.transaction.annotation.ProxyTransactionManagementConfiguration' of type [org.springframework.transaction.annotation.ProxyTransactionManagementConfiguration] is not eligible for getting processed by all BeanPostProcessors (for example: not eligible for auto-proxying)
2020-07-31 16:02:54.396  INFO 84113 --- [    Test worker] o.s.s.concurrent.ThreadPoolTaskExecutor  : Initializing ExecutorService 'applicationTaskExecutor'
2020-07-31 16:02:54.776  INFO 84113 --- [    Test worker] e.freedom.utopia.CommonApplicationTest   : Started CommonApplicationTest in 2.538 seconds (JVM running for 3.545)
测试redis工具
]]></system-out>
  <system-err><![CDATA[]]></system-err>
</testsuite>
